<?xml version="1.0" encoding="UTF-8"?>
<coverage generated="1553914654395" clover="3.2.0">
  <project timestamp="1553914654395" name="All files">
    <metrics statements="29" coveredstatements="23" conditionals="8" coveredconditionals="5" methods="15" coveredmethods="14" elements="52" coveredelements="42" complexity="0" loc="29" ncloc="29" packages="1" files="1" classes="1">
      <file name="helpfulLinks.js" path="/Users/clintchester/Desktop/sfdc-helpfullinks/helpful-links/main/default/lwc/helpfulLinks/helpfulLinks.js">
        <metrics statements="29" coveredstatements="23" conditionals="8" coveredconditionals="5" methods="15" coveredmethods="14"/>
        <line num="2" count="1" type="stmt"/>
        <line num="4" count="8" type="stmt"/>
        <line num="12" count="4" type="stmt"/>
        <line num="15" count="1" type="stmt"/>
        <line num="17" count="1" type="stmt"/>
        <line num="21" count="4" type="stmt"/>
        <line num="24" count="1" type="stmt"/>
        <line num="28" count="4" type="stmt"/>
        <line num="31" count="1" type="stmt"/>
        <line num="35" count="4" type="stmt"/>
        <line num="38" count="1" type="stmt"/>
        <line num="51" count="3" type="cond" truecount="2" falsecount="0"/>
        <line num="52" count="2" type="stmt"/>
        <line num="58" count="2" type="cond" truecount="2" falsecount="0"/>
        <line num="60" count="1" type="stmt"/>
        <line num="61" count="2" type="stmt"/>
        <line num="62" count="2" type="stmt"/>
        <line num="66" count="2" type="stmt"/>
        <line num="73" count="1" type="stmt"/>
        <line num="74" count="1" type="stmt"/>
        <line num="80" count="0" type="stmt"/>
        <line num="82" count="0" type="stmt"/>
        <line num="84" count="0" type="stmt"/>
        <line num="88" count="2" type="stmt"/>
        <line num="90" count="2" type="stmt"/>
        <line num="97" count="0" type="stmt"/>
        <line num="107" count="0" type="stmt"/>
        <line num="116" count="0" type="stmt"/>
        <line num="122" count="5" type="stmt"/>
      </file>
    </metrics>
  </project>
</coverage>
