{"/Users/clintchester/Desktop/sfdc-helpfullinks/helpful-links/main/default/lwc/helpfulLinks/helpfulLinks.js": {"path":"/Users/clintchester/Desktop/sfdc-helpfullinks/helpful-links/main/default/lwc/helpfulLinks/helpfulLinks.js","statementMap":{"0":{"start":{"line":2,"column":0},"end":{"line":null,"column":-1}},"1":{"start":{"line":4,"column":76},"end":{"line":null,"column":-1}},"2":{"start":{"line":12,"column":8},"end":{"line":null,"column":-1}},"3":{"start":{"line":15,"column":8},"end":{"line":14,"column":25}},"4":{"start":{"line":17,"column":8},"end":{"line":null,"column":-1}},"5":{"start":{"line":21,"column":8},"end":{"line":null,"column":-1}},"6":{"start":{"line":24,"column":8},"end":{"line":null,"column":-1}},"7":{"start":{"line":28,"column":8},"end":{"line":null,"column":-1}},"8":{"start":{"line":31,"column":8},"end":{"line":null,"column":-1}},"9":{"start":{"line":35,"column":8},"end":{"line":null,"column":-1}},"10":{"start":{"line":38,"column":8},"end":{"line":null,"column":-1}},"11":{"start":{"line":51,"column":8},"end":{"line":53,"column":9}},"12":{"start":{"line":52,"column":12},"end":{"line":null,"column":-1}},"13":{"start":{"line":58,"column":8},"end":{"line":75,"column":9}},"14":{"start":{"line":60,"column":12},"end":{"line":69,"column":13}},"15":{"start":{"line":61,"column":30},"end":{"line":61,"column":16}},"16":{"start":{"line":62,"column":16},"end":{"line":null,"column":-1}},"17":{"start":{"line":66,"column":84},"end":{"line":null,"column":-1}},"18":{"start":{"line":73,"column":12},"end":{"line":null,"column":-1}},"19":{"start":{"line":74,"column":12},"end":{"line":null,"column":-1}},"20":{"start":{"line":80,"column":8},"end":{"line":78,"column":28}},"21":{"start":{"line":82,"column":8},"end":{"line":78,"column":28}},"22":{"start":{"line":84,"column":8},"end":{"line":null,"column":-1}},"23":{"start":{"line":88,"column":8},"end":{"line":null,"column":-1}},"24":{"start":{"line":90,"column":16},"end":{"line":null,"column":-1}},"25":{"start":{"line":97,"column":16},"end":{"line":null,"column":-1}},"26":{"start":{"line":107,"column":16},"end":{"line":null,"column":-1}},"27":{"start":{"line":116,"column":16},"end":{"line":null,"column":-1}},"28":{"start":{"line":122,"column":8},"end":{"line":null,"column":-1}}},"fnMap":{"0":{"name":"(anonymous_1)","decl":{"start":{"line":4,"column":76},"end":{"line":4,"column":75}},"loc":{"start":{"line":4,"column":76},"end":{"line":null,"column":-1}}},"1":{"name":"(anonymous_2)","decl":{"start":{"line":10,"column":4},"end":{"line":10,"column":3}},"loc":{"start":{"line":11,"column":20},"end":{"line":13,"column":5}}},"2":{"name":"(anonymous_3)","decl":{"start":{"line":14,"column":4},"end":{"line":14,"column":3}},"loc":{"start":{"line":14,"column":25},"end":{"line":18,"column":5}}},"3":{"name":"(anonymous_4)","decl":{"start":{"line":19,"column":4},"end":{"line":19,"column":3}},"loc":{"start":{"line":20,"column":21},"end":{"line":22,"column":5}}},"4":{"name":"(anonymous_5)","decl":{"start":{"line":23,"column":4},"end":{"line":23,"column":3}},"loc":{"start":{"line":23,"column":26},"end":{"line":25,"column":5}}},"5":{"name":"(anonymous_6)","decl":{"start":{"line":26,"column":4},"end":{"line":26,"column":3}},"loc":{"start":{"line":27,"column":24},"end":{"line":29,"column":5}}},"6":{"name":"(anonymous_7)","decl":{"start":{"line":30,"column":4},"end":{"line":30,"column":3}},"loc":{"start":{"line":30,"column":29},"end":{"line":32,"column":5}}},"7":{"name":"(anonymous_8)","decl":{"start":{"line":33,"column":4},"end":{"line":33,"column":3}},"loc":{"start":{"line":34,"column":27},"end":{"line":36,"column":5}}},"8":{"name":"(anonymous_9)","decl":{"start":{"line":37,"column":4},"end":{"line":37,"column":3}},"loc":{"start":{"line":37,"column":32},"end":{"line":4,"column":76}}},"9":{"name":"(anonymous_10)","decl":{"start":{"line":49,"column":4},"end":{"line":49,"column":19}},"loc":{"start":{"line":49,"column":23},"end":{"line":54,"column":5}}},"10":{"name":"(anonymous_11)","decl":{"start":{"line":56,"column":4},"end":{"line":56,"column":20}},"loc":{"start":{"line":56,"column":24},"end":{"line":76,"column":5}}},"11":{"name":"(anonymous_12)","decl":{"start":{"line":66,"column":76},"end":{"line":66,"column":78}},"loc":{"start":{"line":66,"column":83},"end":{"line":66,"column":28}}},"12":{"name":"(anonymous_13)","decl":{"start":{"line":78,"column":4},"end":{"line":78,"column":19}},"loc":{"start":{"line":78,"column":28},"end":{"line":85,"column":5}}},"13":{"name":"(anonymous_14)","decl":{"start":{"line":87,"column":4},"end":{"line":87,"column":19}},"loc":{"start":{"line":87,"column":30},"end":{"line":4,"column":76}}},"14":{"name":"(anonymous_15)","decl":{"start":{"line":121,"column":4},"end":{"line":121,"column":26}},"loc":{"start":{"line":121,"column":37},"end":{"line":123,"column":5}}}},"branchMap":{"0":{"loc":{"start":{"line":51,"column":8},"end":{"line":53,"column":9}},"type":"if","locations":[{"start":{"line":51,"column":8},"end":{"line":53,"column":9}},{"start":{"line":51,"column":8},"end":{"line":53,"column":9}}]},"1":{"loc":{"start":{"line":58,"column":8},"end":{"line":75,"column":9}},"type":"if","locations":[{"start":{"line":58,"column":8},"end":{"line":75,"column":9}},{"start":{"line":58,"column":8},"end":{"line":75,"column":9}}]},"2":{"loc":{"start":{"line":89,"column":12},"end":{"line":90,"column":16}},"type":"switch","locations":[{"start":{"line":89,"column":12},"end":{"line":90,"column":16}},{"start":{"line":96,"column":12},"end":{"line":97,"column":16}},{"start":{"line":106,"column":12},"end":{"line":107,"column":16}},{"start":{"line":114,"column":12},"end":{"line":116,"column":16}}]}},"s":{"0":1,"1":8,"2":4,"3":1,"4":1,"5":4,"6":1,"7":4,"8":1,"9":4,"10":1,"11":3,"12":2,"13":2,"14":1,"15":2,"16":2,"17":2,"18":1,"19":1,"20":0,"21":0,"22":0,"23":2,"24":2,"25":0,"26":0,"27":0,"28":5},"f":{"0":1,"1":4,"2":1,"3":4,"4":1,"5":4,"6":1,"7":4,"8":1,"9":3,"10":2,"11":2,"12":0,"13":2,"14":5},"b":{"0":[2,1],"1":[1,1],"2":[2,0,0,0]}}
}
