TN:
SF:/Users/clintchester/Desktop/sfdc-helpfullinks/helpful-links/main/default/lwc/helpfulLinks/helpfulLinks.js
FN:4,(anonymous_1)
FN:10,(anonymous_2)
FN:14,(anonymous_3)
FN:19,(anonymous_4)
FN:23,(anonymous_5)
FN:26,(anonymous_6)
FN:30,(anonymous_7)
FN:33,(anonymous_8)
FN:37,(anonymous_9)
FN:49,(anonymous_10)
FN:56,(anonymous_11)
FN:66,(anonymous_12)
FN:78,(anonymous_13)
FN:87,(anonymous_14)
FN:121,(anonymous_15)
FNF:15
FNH:14
FNDA:1,(anonymous_1)
FNDA:4,(anonymous_2)
FNDA:1,(anonymous_3)
FNDA:4,(anonymous_4)
FNDA:1,(anonymous_5)
FNDA:4,(anonymous_6)
FNDA:1,(anonymous_7)
FNDA:4,(anonymous_8)
FNDA:1,(anonymous_9)
FNDA:3,(anonymous_10)
FNDA:2,(anonymous_11)
FNDA:2,(anonymous_12)
FNDA:0,(anonymous_13)
FNDA:2,(anonymous_14)
FNDA:5,(anonymous_15)
DA:2,1
DA:4,8
DA:12,4
DA:15,1
DA:17,1
DA:21,4
DA:24,1
DA:28,4
DA:31,1
DA:35,4
DA:38,1
DA:51,3
DA:52,2
DA:58,2
DA:60,1
DA:61,2
DA:62,2
DA:66,2
DA:73,1
DA:74,1
DA:80,0
DA:82,0
DA:84,0
DA:88,2
DA:90,2
DA:97,0
DA:107,0
DA:116,0
DA:122,5
LF:29
LH:23
BRDA:51,0,0,2
BRDA:51,0,1,1
BRDA:58,1,0,1
BRDA:58,1,1,1
BRDA:89,2,0,2
BRDA:89,2,1,0
BRDA:89,2,2,0
BRDA:89,2,3,0
BRF:8
BRH:5
end_of_record
